2023-06-14 20:18:59,819 - __main__ - INFO - Prepared ligand with 39 atoms
INFO:__main__:Prepared ligand with 39 atoms
2023-06-14 20:18:59,834 - __main__ - INFO - Prepared ligand with 62 atoms
INFO:__main__:Prepared ligand with 62 atoms
INFO:openff.toolkit.typing.engines.smirnoff.parameters:Attempting to up-convert Electrostatics section from 0.3 to 0.4
INFO:openff.toolkit.typing.engines.smirnoff.parameters:Successfully up-converted Electrostatics section from 0.3 to 0.4. `method="PME"` is now split into `periodic_potential="Ewald3D-ConductingBoundary"`, `nonperiodic_potential="Coulomb"`, and `exception_potential="Coulomb"`.
2023-06-14 20:19:01,672 - __main__ - INFO - Found protein 5495 atoms
INFO:__main__:Found protein 5495 atoms
2023-06-14 20:19:01,859 - __main__ - INFO - Created complex with 5596 atoms
INFO:__main__:Created complex with 5596 atoms
2023-06-14 20:19:01,859 - __main__ - INFO - Saved complex to output_complex.pdb
INFO:__main__:Saved complex to output_complex.pdb
INFO:openmmforcefields.generators.template_generators:Requested to generate parameters for residue <Residue 356 (UNK) of chain 2>
INFO:openmmforcefields.generators.template_generators:Generating a residue template for [H][O][C@]1([H])[C@@]([H])([C]([H])([H])[O][P@](=[O])([O-])[O][P](=[O])([O-])[O-])[O][C@@]([H])([N]2[C]([H])=[N][c]3[c]([N]([H])[H])[n][c]([H])[n][c]32)[C@]1([H])[O][H] using openff-2.0.0
INFO:openmmforcefields.generators.template_generators:Requested to generate parameters for residue <Residue 357 (UNK) of chain 3>
INFO:openmmforcefields.generators.template_generators:Generating a residue template for [H][c]1[c]([H])[c]([H])[c]([C@]2([H])[N]([H])[c]3[c]([H])[c]([H])[c]([C]([F])([F])[F])[c]([H])[c]3[C@@]3([H])[O][C@@]([H])([C]([H])([H])[N]([H])[S](=[O])(=[O])[C]([H])([H])[C]([H])([H])[N+]([H])([H])[C]([H])([H])[H])[C]([H])([H])[C]([H])([H])[C@]32[H])[c]([H])[c]1[H] using openff-2.0.0
2023-06-14 20:25:48,038 - __main__ - INFO - Solvated system for total 79889 atoms
INFO:__main__:Solvated system for total 79889 atoms
2023-06-14 20:25:48,916 - __main__ - INFO - Saved solvated complex to output_complex_solvated.pdb
INFO:__main__:Saved solvated complex to output_complex_solvated.pdb
2023-06-14 20:25:54,477 - __main__ - INFO - OpenMM system has 79889 atoms
INFO:__main__:OpenMM system has 79889 atoms
2023-06-14 20:25:54,477 - __main__ - INFO - Set precision for platform CUDA to mixed
INFO:__main__:Set precision for platform CUDA to mixed
2023-06-14 20:25:54,478 - __main__ - INFO - Uses periodic box: True
INFO:__main__:Uses periodic box: True
2023-06-14 20:25:54,478 - __main__ - INFO - Default periodic box: [Quantity(value=Vec3(x=9.4419, y=0.0, z=0.0), unit=nanometer), Quantity(value=Vec3(x=0.0, y=9.4419, z=0.0), unit=nanometer), Quantity(value=Vec3(x=0.0, y=0.0, z=9.4419), unit=nanometer)]
INFO:__main__:Default periodic box: [Quantity(value=Vec3(x=9.4419, y=0.0, z=0.0), unit=nanometer), Quantity(value=Vec3(x=0.0, y=9.4419, z=0.0), unit=nanometer), Quantity(value=Vec3(x=0.0, y=0.0, z=9.4419), unit=nanometer)]
2023-06-14 20:25:59,715 - __main__ - INFO - Starting energy: -648093.7541630091 kJ/mol
INFO:__main__:Starting energy: -648093.7541630091 kJ/mol
2023-06-14 20:25:59,716 - __main__ - INFO - Minimizing
INFO:__main__:Minimizing
2023-06-14 20:26:35,517 - __main__ - INFO - Saved minimized structure to output_minimized.pdb
INFO:__main__:Saved minimized structure to output_minimized.pdb
2023-06-14 20:26:35,839 - __main__ - INFO - Equilibrating
INFO:__main__:Equilibrating
2023-06-14 20:26:35,848 - __main__ - INFO - Starting simulation with 10 steps
INFO:__main__:Starting simulation with 10 steps
2023-06-14 20:26:35,865 - __main__ - INFO - Completed simulation in 0.01701211929321289 seconds
INFO:__main__:Completed simulation in 0.01701211929321289 seconds
